{"/home/gustavo/workspace/avulso/concrete/login-api/app.js": {"path":"/home/gustavo/workspace/avulso/concrete/login-api/app.js","statementMap":{"0":{"start":{"line":1,"column":12},"end":{"line":1,"column":26}},"1":{"start":{"line":3,"column":20},"end":{"line":3,"column":54}},"2":{"start":{"line":4,"column":15},"end":{"line":4,"column":39}},"3":{"start":{"line":6,"column":12},"end":{"line":6,"column":21}},"4":{"start":{"line":8,"column":0},"end":{"line":8,"column":16}},"5":{"start":{"line":9,"column":0},"end":{"line":9,"column":11}},"6":{"start":{"line":11,"column":0},"end":{"line":11,"column":20}}},"fnMap":{},"branchMap":{},"s":{"0":5,"1":5,"2":5,"3":5,"4":5,"5":5,"6":5},"f":{},"b":{},"_coverageSchema":"43e27e138ebf9cfc5966b082cf9a028302ed4184","hash":"eebb6c71711a5bb3835e20b6f268487c9862a317"}
,"/home/gustavo/workspace/avulso/concrete/login-api/config/database.js": {"path":"/home/gustavo/workspace/avulso/concrete/login-api/config/database.js","statementMap":{"0":{"start":{"line":1,"column":0},"end":{"line":29,"column":1}}},"fnMap":{},"branchMap":{},"s":{"0":5},"f":{},"b":{},"_coverageSchema":"43e27e138ebf9cfc5966b082cf9a028302ed4184","hash":"fe08bc346abeceee5e046020344ccd155e6cb0bc"}
,"/home/gustavo/workspace/avulso/concrete/login-api/config/index.js": {"path":"/home/gustavo/workspace/avulso/concrete/login-api/config/index.js","statementMap":{"0":{"start":{"line":1,"column":0},"end":{"line":1,"column":62}},"1":{"start":{"line":3,"column":0},"end":{"line":12,"column":1}}},"fnMap":{},"branchMap":{"0":{"loc":{"start":{"line":1,"column":33},"end":{"line":1,"column":59}},"type":"binary-expr","locations":[{"start":{"line":1,"column":33},"end":{"line":1,"column":48}},{"start":{"line":1,"column":52},"end":{"line":1,"column":59}}],"line":1}},"s":{"0":11,"1":11},"f":{},"b":{"0":[11,11]},"_coverageSchema":"43e27e138ebf9cfc5966b082cf9a028302ed4184","hash":"606227d164fdcc9ad5ce769a15bbcec29304ec9b"}
,"/home/gustavo/workspace/avulso/concrete/login-api/db/models/index.js": {"path":"/home/gustavo/workspace/avulso/concrete/login-api/db/models/index.js","statementMap":{"0":{"start":{"line":3,"column":11},"end":{"line":3,"column":24}},"1":{"start":{"line":4,"column":13},"end":{"line":4,"column":28}},"2":{"start":{"line":5,"column":18},"end":{"line":5,"column":38}},"3":{"start":{"line":6,"column":17},"end":{"line":6,"column":42}},"4":{"start":{"line":7,"column":12},"end":{"line":7,"column":32}},"5":{"start":{"line":8,"column":15},"end":{"line":8,"column":68}},"6":{"start":{"line":9,"column":11},"end":{"line":9,"column":13}},"7":{"start":{"line":11,"column":16},"end":{"line":11,"column":88}},"8":{"start":{"line":13,"column":0},"end":{"line":21,"column":5}},"9":{"start":{"line":16,"column":4},"end":{"line":16,"column":90}},"10":{"start":{"line":19,"column":18},"end":{"line":19,"column":65}},"11":{"start":{"line":20,"column":4},"end":{"line":20,"column":27}},"12":{"start":{"line":23,"column":0},"end":{"line":27,"column":3}},"13":{"start":{"line":24,"column":2},"end":{"line":26,"column":3}},"14":{"start":{"line":25,"column":4},"end":{"line":25,"column":32}},"15":{"start":{"line":29,"column":0},"end":{"line":29,"column":25}},"16":{"start":{"line":30,"column":0},"end":{"line":30,"column":25}},"17":{"start":{"line":32,"column":0},"end":{"line":32,"column":20}}},"fnMap":{"0":{"name":"(anonymous_0)","decl":{"start":{"line":15,"column":10},"end":{"line":15,"column":11}},"loc":{"start":{"line":15,"column":18},"end":{"line":17,"column":3}},"line":15},"1":{"name":"(anonymous_1)","decl":{"start":{"line":18,"column":11},"end":{"line":18,"column":12}},"loc":{"start":{"line":18,"column":19},"end":{"line":21,"column":3}},"line":18},"2":{"name":"(anonymous_2)","decl":{"start":{"line":23,"column":24},"end":{"line":23,"column":25}},"loc":{"start":{"line":23,"column":37},"end":{"line":27,"column":1}},"line":23}},"branchMap":{"0":{"loc":{"start":{"line":16,"column":11},"end":{"line":16,"column":89}},"type":"binary-expr","locations":[{"start":{"line":16,"column":12},"end":{"line":16,"column":35}},{"start":{"line":16,"column":41},"end":{"line":16,"column":58}},{"start":{"line":16,"column":64},"end":{"line":16,"column":88}}],"line":16},"1":{"loc":{"start":{"line":24,"column":2},"end":{"line":26,"column":3}},"type":"if","locations":[{"start":{"line":24,"column":2},"end":{"line":26,"column":3}},{"start":{"line":24,"column":2},"end":{"line":26,"column":3}}],"line":24}},"s":{"0":5,"1":5,"2":5,"3":5,"4":5,"5":5,"6":5,"7":5,"8":5,"9":15,"10":10,"11":10,"12":5,"13":10,"14":10,"15":5,"16":5,"17":5},"f":{"0":15,"1":10,"2":10},"b":{"0":[15,15,10],"1":[10,0]},"_coverageSchema":"43e27e138ebf9cfc5966b082cf9a028302ed4184","hash":"edc3e329947fbf9ba3cfc3984120e9140dc890be"}
,"/home/gustavo/workspace/avulso/concrete/login-api/db/models/phone.js": {"path":"/home/gustavo/workspace/avulso/concrete/login-api/db/models/phone.js","statementMap":{"0":{"start":{"line":2,"column":0},"end":{"line":50,"column":2}},"1":{"start":{"line":3,"column":16},"end":{"line":43,"column":4}},"2":{"start":{"line":44,"column":2},"end":{"line":48,"column":4}},"3":{"start":{"line":45,"column":4},"end":{"line":47,"column":6}},"4":{"start":{"line":49,"column":2},"end":{"line":49,"column":15}}},"fnMap":{"0":{"name":"(anonymous_0)","decl":{"start":{"line":2,"column":17},"end":{"line":2,"column":18}},"loc":{"start":{"line":2,"column":43},"end":{"line":50,"column":1}},"line":2},"1":{"name":"(anonymous_1)","decl":{"start":{"line":44,"column":20},"end":{"line":44,"column":21}},"loc":{"start":{"line":44,"column":37},"end":{"line":48,"column":3}},"line":44}},"branchMap":{},"s":{"0":5,"1":5,"2":5,"3":5,"4":5},"f":{"0":5,"1":5},"b":{},"_coverageSchema":"43e27e138ebf9cfc5966b082cf9a028302ed4184","hash":"1ff40ff80126288fe32751f939c81015596bf249"}
,"/home/gustavo/workspace/avulso/concrete/login-api/db/models/user.js": {"path":"/home/gustavo/workspace/avulso/concrete/login-api/db/models/user.js","statementMap":{"0":{"start":{"line":2,"column":0},"end":{"line":63,"column":2}},"1":{"start":{"line":3,"column":15},"end":{"line":55,"column":4}},"2":{"start":{"line":56,"column":2},"end":{"line":61,"column":4}},"3":{"start":{"line":57,"column":4},"end":{"line":60,"column":6}},"4":{"start":{"line":62,"column":2},"end":{"line":62,"column":14}}},"fnMap":{"0":{"name":"(anonymous_0)","decl":{"start":{"line":2,"column":17},"end":{"line":2,"column":18}},"loc":{"start":{"line":2,"column":43},"end":{"line":63,"column":1}},"line":2},"1":{"name":"(anonymous_1)","decl":{"start":{"line":56,"column":19},"end":{"line":56,"column":20}},"loc":{"start":{"line":56,"column":36},"end":{"line":61,"column":3}},"line":56}},"branchMap":{},"s":{"0":5,"1":5,"2":5,"3":5,"4":5},"f":{"0":5,"1":5},"b":{},"_coverageSchema":"43e27e138ebf9cfc5966b082cf9a028302ed4184","hash":"af401c5b1cfed6ccae361b9790bb8f7c68f6e11d"}
,"/home/gustavo/workspace/avulso/concrete/login-api/server/controllers/phone.js": {"path":"/home/gustavo/workspace/avulso/concrete/login-api/server/controllers/phone.js","statementMap":{"0":{"start":{"line":1,"column":19},"end":{"line":1,"column":42}},"1":{"start":{"line":3,"column":15},"end":{"line":21,"column":1}},"2":{"start":{"line":4,"column":2},"end":{"line":20,"column":3}},"3":{"start":{"line":5,"column":4},"end":{"line":19,"column":5}},"4":{"start":{"line":6,"column":21},"end":{"line":12,"column":9}},"5":{"start":{"line":7,"column":22},"end":{"line":7,"column":61}},"6":{"start":{"line":9,"column":32},"end":{"line":9,"column":48}},"7":{"start":{"line":11,"column":8},"end":{"line":11,"column":30}},"8":{"start":{"line":13,"column":6},"end":{"line":13,"column":32}},"9":{"start":{"line":15,"column":6},"end":{"line":15,"column":22}},"10":{"start":{"line":16,"column":6},"end":{"line":16,"column":55}},"11":{"start":{"line":18,"column":6},"end":{"line":18,"column":49}},"12":{"start":{"line":23,"column":0},"end":{"line":25,"column":1}}},"fnMap":{"0":{"name":"(anonymous_0)","decl":{"start":{"line":3,"column":15},"end":{"line":3,"column":16}},"loc":{"start":{"line":3,"column":34},"end":{"line":21,"column":1}},"line":3},"1":{"name":"(anonymous_1)","decl":{"start":{"line":4,"column":9},"end":{"line":4,"column":10}},"loc":{"start":{"line":4,"column":22},"end":{"line":20,"column":3}},"line":4},"2":{"name":"(anonymous_2)","decl":{"start":{"line":6,"column":63},"end":{"line":6,"column":64}},"loc":{"start":{"line":6,"column":77},"end":{"line":12,"column":7}},"line":6}},"branchMap":{},"s":{"0":6,"1":6,"2":7,"3":3,"4":3,"5":6,"6":6,"7":6,"8":3,"9":3,"10":3,"11":0,"12":6},"f":{"0":7,"1":3,"2":6},"b":{},"_coverageSchema":"43e27e138ebf9cfc5966b082cf9a028302ed4184","hash":"5c5389c2864e234bd9a612470a82c67351cd2358"}
,"/home/gustavo/workspace/avulso/concrete/login-api/server/controllers/user.js": {"path":"/home/gustavo/workspace/avulso/concrete/login-api/server/controllers/user.js","statementMap":{"0":{"start":{"line":1,"column":69},"end":{"line":1,"column":92}},"1":{"start":{"line":3,"column":15},"end":{"line":23,"column":1}},"2":{"start":{"line":4,"column":2},"end":{"line":22,"column":3}},"3":{"start":{"line":5,"column":4},"end":{"line":21,"column":5}},"4":{"start":{"line":6,"column":20},"end":{"line":6,"column":55}},"5":{"start":{"line":7,"column":17},"end":{"line":7,"column":62}},"6":{"start":{"line":9,"column":6},"end":{"line":18,"column":7}},"7":{"start":{"line":10,"column":8},"end":{"line":10,"column":33}},"8":{"start":{"line":11,"column":8},"end":{"line":11,"column":31}},"9":{"start":{"line":13,"column":8},"end":{"line":13,"column":50}},"10":{"start":{"line":15,"column":8},"end":{"line":15,"column":43}},"11":{"start":{"line":17,"column":8},"end":{"line":17,"column":65}},"12":{"start":{"line":20,"column":6},"end":{"line":20,"column":49}},"13":{"start":{"line":25,"column":15},"end":{"line":48,"column":1}},"14":{"start":{"line":26,"column":2},"end":{"line":47,"column":3}},"15":{"start":{"line":27,"column":4},"end":{"line":46,"column":5}},"16":{"start":{"line":28,"column":17},"end":{"line":28,"column":73}},"17":{"start":{"line":30,"column":6},"end":{"line":43,"column":7}},"18":{"start":{"line":31,"column":8},"end":{"line":31,"column":55}},"19":{"start":{"line":32,"column":13},"end":{"line":43,"column":7}},"20":{"start":{"line":33,"column":8},"end":{"line":33,"column":30}},"21":{"start":{"line":35,"column":24},"end":{"line":35,"column":71}},"22":{"start":{"line":37,"column":8},"end":{"line":37,"column":64}},"23":{"start":{"line":39,"column":8},"end":{"line":39,"column":24}},"24":{"start":{"line":40,"column":8},"end":{"line":40,"column":30}},"25":{"start":{"line":42,"column":8},"end":{"line":42,"column":60}},"26":{"start":{"line":45,"column":6},"end":{"line":45,"column":49}},"27":{"start":{"line":50,"column":15},"end":{"line":72,"column":1}},"28":{"start":{"line":51,"column":2},"end":{"line":71,"column":3}},"29":{"start":{"line":52,"column":4},"end":{"line":70,"column":5}},"30":{"start":{"line":53,"column":17},"end":{"line":53,"column":70}},"31":{"start":{"line":55,"column":6},"end":{"line":67,"column":7}},"32":{"start":{"line":56,"column":8},"end":{"line":56,"column":30}},"33":{"start":{"line":57,"column":8},"end":{"line":64,"column":9}},"34":{"start":{"line":58,"column":10},"end":{"line":58,"column":32}},"35":{"start":{"line":60,"column":10},"end":{"line":60,"column":26}},"36":{"start":{"line":61,"column":10},"end":{"line":61,"column":32}},"37":{"start":{"line":63,"column":10},"end":{"line":63,"column":65}},"38":{"start":{"line":66,"column":8},"end":{"line":66,"column":61}},"39":{"start":{"line":69,"column":6},"end":{"line":69,"column":49}},"40":{"start":{"line":74,"column":19},"end":{"line":91,"column":1}},"41":{"start":{"line":75,"column":2},"end":{"line":81,"column":3}},"42":{"start":{"line":83,"column":2},"end":{"line":83,"column":17}},"43":{"start":{"line":84,"column":2},"end":{"line":84,"column":17}},"44":{"start":{"line":85,"column":2},"end":{"line":85,"column":22}},"45":{"start":{"line":86,"column":2},"end":{"line":86,"column":32}},"46":{"start":{"line":87,"column":2},"end":{"line":87,"column":39}},"47":{"start":{"line":88,"column":2},"end":{"line":88,"column":51}},"48":{"start":{"line":90,"column":2},"end":{"line":90,"column":23}},"49":{"start":{"line":93,"column":24},"end":{"line":97,"column":1}},"50":{"start":{"line":94,"column":2},"end":{"line":94,"column":45}},"51":{"start":{"line":95,"column":2},"end":{"line":95,"column":45}},"52":{"start":{"line":96,"column":2},"end":{"line":96,"column":45}},"53":{"start":{"line":99,"column":0},"end":{"line":103,"column":1}}},"fnMap":{"0":{"name":"(anonymous_0)","decl":{"start":{"line":3,"column":15},"end":{"line":3,"column":16}},"loc":{"start":{"line":3,"column":33},"end":{"line":23,"column":1}},"line":3},"1":{"name":"(anonymous_1)","decl":{"start":{"line":4,"column":9},"end":{"line":4,"column":10}},"loc":{"start":{"line":4,"column":30},"end":{"line":22,"column":3}},"line":4},"2":{"name":"(anonymous_2)","decl":{"start":{"line":25,"column":15},"end":{"line":25,"column":16}},"loc":{"start":{"line":25,"column":33},"end":{"line":48,"column":1}},"line":25},"3":{"name":"(anonymous_3)","decl":{"start":{"line":26,"column":9},"end":{"line":26,"column":10}},"loc":{"start":{"line":26,"column":30},"end":{"line":47,"column":3}},"line":26},"4":{"name":"(anonymous_4)","decl":{"start":{"line":50,"column":15},"end":{"line":50,"column":16}},"loc":{"start":{"line":50,"column":33},"end":{"line":72,"column":1}},"line":50},"5":{"name":"(anonymous_5)","decl":{"start":{"line":51,"column":9},"end":{"line":51,"column":10}},"loc":{"start":{"line":51,"column":30},"end":{"line":71,"column":3}},"line":51},"6":{"name":"(anonymous_6)","decl":{"start":{"line":74,"column":19},"end":{"line":74,"column":20}},"loc":{"start":{"line":74,"column":51},"end":{"line":91,"column":1}},"line":74},"7":{"name":"(anonymous_7)","decl":{"start":{"line":93,"column":24},"end":{"line":93,"column":25}},"loc":{"start":{"line":93,"column":34},"end":{"line":97,"column":1}},"line":93}},"branchMap":{"0":{"loc":{"start":{"line":9,"column":6},"end":{"line":18,"column":7}},"type":"if","locations":[{"start":{"line":9,"column":6},"end":{"line":18,"column":7}},{"start":{"line":9,"column":6},"end":{"line":18,"column":7}}],"line":9},"1":{"loc":{"start":{"line":30,"column":6},"end":{"line":43,"column":7}},"type":"if","locations":[{"start":{"line":30,"column":6},"end":{"line":43,"column":7}},{"start":{"line":30,"column":6},"end":{"line":43,"column":7}}],"line":30},"2":{"loc":{"start":{"line":32,"column":13},"end":{"line":43,"column":7}},"type":"if","locations":[{"start":{"line":32,"column":13},"end":{"line":43,"column":7}},{"start":{"line":32,"column":13},"end":{"line":43,"column":7}}],"line":32},"3":{"loc":{"start":{"line":32,"column":17},"end":{"line":32,"column":85}},"type":"binary-expr","locations":[{"start":{"line":32,"column":17},"end":{"line":32,"column":21}},{"start":{"line":32,"column":25},"end":{"line":32,"column":85}}],"line":32},"4":{"loc":{"start":{"line":55,"column":6},"end":{"line":67,"column":7}},"type":"if","locations":[{"start":{"line":55,"column":6},"end":{"line":67,"column":7}},{"start":{"line":55,"column":6},"end":{"line":67,"column":7}}],"line":55},"5":{"loc":{"start":{"line":55,"column":10},"end":{"line":55,"column":81}},"type":"binary-expr","locations":[{"start":{"line":55,"column":10},"end":{"line":55,"column":14}},{"start":{"line":55,"column":18},"end":{"line":55,"column":81}}],"line":55},"6":{"loc":{"start":{"line":57,"column":8},"end":{"line":64,"column":9}},"type":"if","locations":[{"start":{"line":57,"column":8},"end":{"line":64,"column":9}},{"start":{"line":57,"column":8},"end":{"line":64,"column":9}}],"line":57},"7":{"loc":{"start":{"line":86,"column":2},"end":{"line":86,"column":32}},"type":"cond-expr","locations":[{"start":{"line":86,"column":9},"end":{"line":86,"column":23}},{"start":{"line":86,"column":28},"end":{"line":86,"column":32}}],"line":86},"8":{"loc":{"start":{"line":87,"column":2},"end":{"line":87,"column":39}},"type":"cond-expr","locations":[{"start":{"line":87,"column":12},"end":{"line":87,"column":30}},{"start":{"line":87,"column":35},"end":{"line":87,"column":39}}],"line":87},"9":{"loc":{"start":{"line":88,"column":2},"end":{"line":88,"column":51}},"type":"cond-expr","locations":[{"start":{"line":88,"column":16},"end":{"line":88,"column":42}},{"start":{"line":88,"column":47},"end":{"line":88,"column":51}}],"line":88}},"s":{"0":6,"1":6,"2":7,"3":4,"4":4,"5":4,"6":4,"7":3,"8":3,"9":3,"10":3,"11":1,"12":0,"13":6,"14":7,"15":3,"16":3,"17":3,"18":0,"19":3,"20":3,"21":3,"22":3,"23":3,"24":3,"25":0,"26":0,"27":6,"28":7,"29":4,"30":4,"31":4,"32":3,"33":3,"34":3,"35":3,"36":3,"37":0,"38":1,"39":0,"40":6,"41":9,"42":9,"43":9,"44":9,"45":9,"46":9,"47":9,"48":9,"49":6,"50":9,"51":9,"52":9,"53":6},"f":{"0":7,"1":4,"2":7,"3":3,"4":7,"5":4,"6":9,"7":9},"b":{"0":[3,1],"1":[0,3],"2":[3,0],"3":[3,3],"4":[3,1],"5":[4,3],"6":[3,0],"7":[6,3],"8":[6,3],"9":[3,6]},"_coverageSchema":"43e27e138ebf9cfc5966b082cf9a028302ed4184","hash":"8dfde1b1174d9c5d1a4dcbf1f2c1782aa55cb8f1"}
,"/home/gustavo/workspace/avulso/concrete/login-api/server/middlewares/checkSetContentType.js": {"path":"/home/gustavo/workspace/avulso/concrete/login-api/server/middlewares/checkSetContentType.js","statementMap":{"0":{"start":{"line":1,"column":28},"end":{"line":9,"column":1}},"1":{"start":{"line":2,"column":2},"end":{"line":2,"column":31}},"2":{"start":{"line":4,"column":2},"end":{"line":8,"column":3}},"3":{"start":{"line":5,"column":4},"end":{"line":5,"column":55}},"4":{"start":{"line":7,"column":4},"end":{"line":7,"column":16}},"5":{"start":{"line":11,"column":0},"end":{"line":11,"column":36}}},"fnMap":{"0":{"name":"(anonymous_0)","decl":{"start":{"line":1,"column":28},"end":{"line":1,"column":29}},"loc":{"start":{"line":1,"column":49},"end":{"line":9,"column":1}},"line":1}},"branchMap":{"0":{"loc":{"start":{"line":4,"column":2},"end":{"line":8,"column":3}},"type":"if","locations":[{"start":{"line":4,"column":2},"end":{"line":8,"column":3}},{"start":{"line":4,"column":2},"end":{"line":8,"column":3}}],"line":4},"1":{"loc":{"start":{"line":4,"column":6},"end":{"line":4,"column":57}},"type":"binary-expr","locations":[{"start":{"line":4,"column":6},"end":{"line":4,"column":26}},{"start":{"line":4,"column":30},"end":{"line":4,"column":57}}],"line":4}},"s":{"0":5,"1":8,"2":8,"3":0,"4":8,"5":5},"f":{"0":8},"b":{"0":[0,8],"1":[8,4]},"_coverageSchema":"43e27e138ebf9cfc5966b082cf9a028302ed4184","hash":"2819ed2fe94a27dc0314f10b5ce48f7c5d65d88a"}
,"/home/gustavo/workspace/avulso/concrete/login-api/server/middlewares/getCoordinate.js": {"path":"/home/gustavo/workspace/avulso/concrete/login-api/server/middlewares/getCoordinate.js","statementMap":{"0":{"start":{"line":1,"column":14},"end":{"line":1,"column":35}},"1":{"start":{"line":2,"column":19},"end":{"line":2,"column":42}},"2":{"start":{"line":3,"column":20},"end":{"line":3,"column":37}},"3":{"start":{"line":5,"column":22},"end":{"line":20,"column":1}},"4":{"start":{"line":6,"column":2},"end":{"line":19,"column":3}},"5":{"start":{"line":7,"column":21},"end":{"line":7,"column":147}},"6":{"start":{"line":9,"column":4},"end":{"line":11,"column":5}},"7":{"start":{"line":10,"column":6},"end":{"line":10,"column":38}},"8":{"start":{"line":13,"column":4},"end":{"line":13,"column":68}},"9":{"start":{"line":14,"column":4},"end":{"line":14,"column":68}},"10":{"start":{"line":16,"column":4},"end":{"line":16,"column":79}},"11":{"start":{"line":18,"column":4},"end":{"line":18,"column":35}},"12":{"start":{"line":22,"column":0},"end":{"line":22,"column":30}}},"fnMap":{"0":{"name":"(anonymous_0)","decl":{"start":{"line":5,"column":22},"end":{"line":5,"column":23}},"loc":{"start":{"line":5,"column":43},"end":{"line":20,"column":1}},"line":5}},"branchMap":{"0":{"loc":{"start":{"line":9,"column":4},"end":{"line":11,"column":5}},"type":"if","locations":[{"start":{"line":9,"column":4},"end":{"line":11,"column":5}},{"start":{"line":9,"column":4},"end":{"line":11,"column":5}}],"line":9},"1":{"loc":{"start":{"line":9,"column":8},"end":{"line":9,"column":50}},"type":"binary-expr","locations":[{"start":{"line":9,"column":8},"end":{"line":9,"column":17}},{"start":{"line":9,"column":21},"end":{"line":9,"column":50}}],"line":9}},"s":{"0":6,"1":6,"2":6,"3":6,"4":4,"5":4,"6":4,"7":1,"8":3,"9":3,"10":3,"11":1,"12":6},"f":{"0":4},"b":{"0":[1,3],"1":[4,4]},"_coverageSchema":"43e27e138ebf9cfc5966b082cf9a028302ed4184","hash":"9b10904e7336f0dba6538c521cc5ec8847208558"}
,"/home/gustavo/workspace/avulso/concrete/login-api/server/middlewares/jwtAuth.js": {"path":"/home/gustavo/workspace/avulso/concrete/login-api/server/middlewares/jwtAuth.js","statementMap":{"0":{"start":{"line":1,"column":13},"end":{"line":1,"column":36}},"1":{"start":{"line":3,"column":19},"end":{"line":3,"column":36}},"2":{"start":{"line":4,"column":16},"end":{"line":4,"column":50}},"3":{"start":{"line":5,"column":15},"end":{"line":5,"column":41}},"4":{"start":{"line":7,"column":15},"end":{"line":7,"column":34}},"5":{"start":{"line":9,"column":13},"end":{"line":18,"column":1}},"6":{"start":{"line":10,"column":2},"end":{"line":17,"column":3}},"7":{"start":{"line":11,"column":4},"end":{"line":11,"column":74}},"8":{"start":{"line":12,"column":4},"end":{"line":12,"column":50}},"9":{"start":{"line":14,"column":4},"end":{"line":14,"column":27}},"10":{"start":{"line":16,"column":4},"end":{"line":16,"column":57}},"11":{"start":{"line":20,"column":0},"end":{"line":20,"column":21}}},"fnMap":{"0":{"name":"(anonymous_0)","decl":{"start":{"line":9,"column":13},"end":{"line":9,"column":14}},"loc":{"start":{"line":9,"column":34},"end":{"line":18,"column":1}},"line":9}},"branchMap":{},"s":{"0":6,"1":6,"2":6,"3":6,"4":6,"5":6,"6":4,"7":4,"8":4,"9":3,"10":1,"11":6},"f":{"0":4},"b":{},"_coverageSchema":"43e27e138ebf9cfc5966b082cf9a028302ed4184","hash":"01b2f61d16f9c8ef5f8e720e271891129e78b25b"}
,"/home/gustavo/workspace/avulso/concrete/login-api/server/middlewares/main.js": {"path":"/home/gustavo/workspace/avulso/concrete/login-api/server/middlewares/main.js","statementMap":{"0":{"start":{"line":1,"column":19},"end":{"line":1,"column":44}},"1":{"start":{"line":2,"column":28},"end":{"line":2,"column":60}},"2":{"start":{"line":3,"column":27},"end":{"line":3,"column":44}},"3":{"start":{"line":5,"column":0},"end":{"line":11,"column":1}},"4":{"start":{"line":6,"column":2},"end":{"line":6,"column":56}},"5":{"start":{"line":6,"column":25},"end":{"line":6,"column":55}},"6":{"start":{"line":8,"column":2},"end":{"line":8,"column":23}},"7":{"start":{"line":10,"column":2},"end":{"line":10,"column":54}},"8":{"start":{"line":10,"column":22},"end":{"line":10,"column":54}}},"fnMap":{"0":{"name":"(anonymous_0)","decl":{"start":{"line":5,"column":17},"end":{"line":5,"column":18}},"loc":{"start":{"line":5,"column":26},"end":{"line":11,"column":1}},"line":5},"1":{"name":"(anonymous_1)","decl":{"start":{"line":6,"column":10},"end":{"line":6,"column":11}},"loc":{"start":{"line":6,"column":25},"end":{"line":6,"column":55}},"line":6}},"branchMap":{"0":{"loc":{"start":{"line":10,"column":2},"end":{"line":10,"column":54}},"type":"if","locations":[{"start":{"line":10,"column":2},"end":{"line":10,"column":54}},{"start":{"line":10,"column":2},"end":{"line":10,"column":54}}],"line":10}},"s":{"0":5,"1":5,"2":5,"3":5,"4":5,"5":8,"6":5,"7":5,"8":5},"f":{"0":5,"1":8},"b":{"0":[5,0]},"_coverageSchema":"43e27e138ebf9cfc5966b082cf9a028302ed4184","hash":"dc5289c538dbee00d4c4b70b5745ecb0aab74a9b"}
,"/home/gustavo/workspace/avulso/concrete/login-api/server/repositories/phone.js": {"path":"/home/gustavo/workspace/avulso/concrete/login-api/server/repositories/phone.js","statementMap":{"0":{"start":{"line":1,"column":19},"end":{"line":1,"column":45}},"1":{"start":{"line":3,"column":15},"end":{"line":14,"column":1}},"2":{"start":{"line":4,"column":2},"end":{"line":13,"column":3}},"3":{"start":{"line":5,"column":23},"end":{"line":8,"column":6}},"4":{"start":{"line":10,"column":4},"end":{"line":10,"column":21}},"5":{"start":{"line":12,"column":4},"end":{"line":12,"column":13}},"6":{"start":{"line":16,"column":0},"end":{"line":18,"column":1}}},"fnMap":{"0":{"name":"(anonymous_0)","decl":{"start":{"line":3,"column":15},"end":{"line":3,"column":16}},"loc":{"start":{"line":3,"column":36},"end":{"line":14,"column":1}},"line":3}},"branchMap":{},"s":{"0":5,"1":5,"2":2,"3":2,"4":2,"5":0,"6":5},"f":{"0":2},"b":{},"_coverageSchema":"43e27e138ebf9cfc5966b082cf9a028302ed4184","hash":"dd4eb5eb2bd3ebc07bee77ecbbec38ff22d9fdf6"}
,"/home/gustavo/workspace/avulso/concrete/login-api/server/repositories/user.js": {"path":"/home/gustavo/workspace/avulso/concrete/login-api/server/repositories/user.js","statementMap":{"0":{"start":{"line":1,"column":18},"end":{"line":1,"column":43}},"1":{"start":{"line":2,"column":19},"end":{"line":2,"column":45}},"2":{"start":{"line":3,"column":57},"end":{"line":3,"column":80}},"3":{"start":{"line":5,"column":21},"end":{"line":20,"column":1}},"4":{"start":{"line":6,"column":2},"end":{"line":19,"column":3}},"5":{"start":{"line":7,"column":17},"end":{"line":14,"column":6}},"6":{"start":{"line":16,"column":4},"end":{"line":16,"column":15}},"7":{"start":{"line":18,"column":4},"end":{"line":18,"column":13}},"8":{"start":{"line":22,"column":15},"end":{"line":41,"column":1}},"9":{"start":{"line":23,"column":16},"end":{"line":23,"column":33}},"10":{"start":{"line":24,"column":18},"end":{"line":27,"column":3}},"11":{"start":{"line":29,"column":2},"end":{"line":35,"column":4}},"12":{"start":{"line":37,"column":2},"end":{"line":40,"column":3}},"13":{"start":{"line":43,"column":16},"end":{"line":60,"column":1}},"14":{"start":{"line":44,"column":2},"end":{"line":59,"column":3}},"15":{"start":{"line":45,"column":22},"end":{"line":54,"column":6}},"16":{"start":{"line":56,"column":4},"end":{"line":56,"column":20}},"17":{"start":{"line":58,"column":4},"end":{"line":58,"column":13}},"18":{"start":{"line":62,"column":0},"end":{"line":66,"column":1}}},"fnMap":{"0":{"name":"(anonymous_0)","decl":{"start":{"line":5,"column":21},"end":{"line":5,"column":22}},"loc":{"start":{"line":5,"column":43},"end":{"line":20,"column":1}},"line":5},"1":{"name":"(anonymous_1)","decl":{"start":{"line":22,"column":15},"end":{"line":22,"column":16}},"loc":{"start":{"line":22,"column":35},"end":{"line":41,"column":1}},"line":22},"2":{"name":"(anonymous_2)","decl":{"start":{"line":43,"column":16},"end":{"line":43,"column":17}},"loc":{"start":{"line":43,"column":40},"end":{"line":60,"column":1}},"line":43}},"branchMap":{},"s":{"0":5,"1":5,"2":5,"3":5,"4":2,"5":2,"6":2,"7":0,"8":5,"9":1,"10":1,"11":1,"12":1,"13":5,"14":3,"15":3,"16":3,"17":0,"18":5},"f":{"0":2,"1":1,"2":3},"b":{},"_coverageSchema":"43e27e138ebf9cfc5966b082cf9a028302ed4184","hash":"1ca2d34674b1368561e4c2426c8b85859128a960"}
,"/home/gustavo/workspace/avulso/concrete/login-api/server/routes/index.js": {"path":"/home/gustavo/workspace/avulso/concrete/login-api/server/routes/index.js","statementMap":{"0":{"start":{"line":1,"column":18},"end":{"line":1,"column":35}},"1":{"start":{"line":2,"column":26},"end":{"line":2,"column":51}},"2":{"start":{"line":3,"column":22},"end":{"line":3,"column":48}},"3":{"start":{"line":5,"column":0},"end":{"line":9,"column":1}},"4":{"start":{"line":6,"column":2},"end":{"line":6,"column":29}},"5":{"start":{"line":7,"column":2},"end":{"line":7,"column":37}},"6":{"start":{"line":8,"column":2},"end":{"line":8,"column":33}}},"fnMap":{"0":{"name":"(anonymous_0)","decl":{"start":{"line":5,"column":17},"end":{"line":5,"column":18}},"loc":{"start":{"line":5,"column":26},"end":{"line":9,"column":1}},"line":5}},"branchMap":{},"s":{"0":5,"1":5,"2":5,"3":5,"4":5,"5":5,"6":5},"f":{"0":5},"b":{},"_coverageSchema":"43e27e138ebf9cfc5966b082cf9a028302ed4184","hash":"6fa59334571336e392c1fa6ba9f113519706d5ed"}
,"/home/gustavo/workspace/avulso/concrete/login-api/server/routes/routeNotFound.js": {"path":"/home/gustavo/workspace/avulso/concrete/login-api/server/routes/routeNotFound.js","statementMap":{"0":{"start":{"line":1,"column":15},"end":{"line":1,"column":36}},"1":{"start":{"line":2,"column":15},"end":{"line":2,"column":27}},"2":{"start":{"line":4,"column":0},"end":{"line":7,"column":2}},"3":{"start":{"line":5,"column":2},"end":{"line":5,"column":18}},"4":{"start":{"line":6,"column":2},"end":{"line":6,"column":40}},"5":{"start":{"line":9,"column":0},"end":{"line":9,"column":23}}},"fnMap":{"0":{"name":"(anonymous_0)","decl":{"start":{"line":4,"column":16},"end":{"line":4,"column":17}},"loc":{"start":{"line":4,"column":23},"end":{"line":7,"column":1}},"line":4}},"branchMap":{},"s":{"0":5,"1":5,"2":5,"3":1,"4":1,"5":5},"f":{"0":1},"b":{},"_coverageSchema":"43e27e138ebf9cfc5966b082cf9a028302ed4184","hash":"6ee09523bdbd1ca4cd3d69c11c642911c65d95d7"}
,"/home/gustavo/workspace/avulso/concrete/login-api/server/routes/statusServer.js": {"path":"/home/gustavo/workspace/avulso/concrete/login-api/server/routes/statusServer.js","statementMap":{"0":{"start":{"line":1,"column":15},"end":{"line":1,"column":36}},"1":{"start":{"line":2,"column":15},"end":{"line":2,"column":27}},"2":{"start":{"line":4,"column":0},"end":{"line":7,"column":2}},"3":{"start":{"line":5,"column":2},"end":{"line":5,"column":18}},"4":{"start":{"line":6,"column":2},"end":{"line":6,"column":40}},"5":{"start":{"line":9,"column":0},"end":{"line":9,"column":23}}},"fnMap":{"0":{"name":"(anonymous_0)","decl":{"start":{"line":4,"column":22},"end":{"line":4,"column":23}},"loc":{"start":{"line":4,"column":29},"end":{"line":7,"column":1}},"line":4}},"branchMap":{},"s":{"0":5,"1":5,"2":5,"3":1,"4":1,"5":5},"f":{"0":1},"b":{},"_coverageSchema":"43e27e138ebf9cfc5966b082cf9a028302ed4184","hash":"b9e0d18f057868daea1c440559aee0f44ad14799"}
,"/home/gustavo/workspace/avulso/concrete/login-api/server/routes/user.js": {"path":"/home/gustavo/workspace/avulso/concrete/login-api/server/routes/user.js","statementMap":{"0":{"start":{"line":1,"column":15},"end":{"line":1,"column":36}},"1":{"start":{"line":2,"column":15},"end":{"line":2,"column":27}},"2":{"start":{"line":3,"column":16},"end":{"line":3,"column":53}},"3":{"start":{"line":5,"column":22},"end":{"line":5,"column":55}},"4":{"start":{"line":6,"column":23},"end":{"line":6,"column":57}},"5":{"start":{"line":7,"column":23},"end":{"line":7,"column":57}},"6":{"start":{"line":8,"column":24},"end":{"line":8,"column":59}},"7":{"start":{"line":9,"column":22},"end":{"line":9,"column":65}},"8":{"start":{"line":11,"column":23},"end":{"line":11,"column":58}},"9":{"start":{"line":12,"column":24},"end":{"line":12,"column":56}},"10":{"start":{"line":14,"column":0},"end":{"line":16,"column":89}},"11":{"start":{"line":18,"column":0},"end":{"line":18,"column":80}},"12":{"start":{"line":20,"column":0},"end":{"line":20,"column":23}}},"fnMap":{},"branchMap":{},"s":{"0":5,"1":5,"2":5,"3":5,"4":5,"5":5,"6":5,"7":5,"8":5,"9":5,"10":5,"11":5,"12":5},"f":{},"b":{},"_coverageSchema":"43e27e138ebf9cfc5966b082cf9a028302ed4184","hash":"cd99fd79bbbf82338c80b7c4b84b5eddf38a6d8b"}
,"/home/gustavo/workspace/avulso/concrete/login-api/server/routes/tests/schemas/coordinate.js": {"path":"/home/gustavo/workspace/avulso/concrete/login-api/server/routes/tests/schemas/coordinate.js","statementMap":{"0":{"start":{"line":1,"column":16},"end":{"line":1,"column":39}},"1":{"start":{"line":3,"column":19},"end":{"line":6,"column":2}},"2":{"start":{"line":8,"column":0},"end":{"line":8,"column":27}}},"fnMap":{},"branchMap":{},"s":{"0":1,"1":1,"2":1},"f":{},"b":{},"_coverageSchema":"43e27e138ebf9cfc5966b082cf9a028302ed4184","hash":"045f45be94b37cb3aeb27e817347139cc8968601"}
,"/home/gustavo/workspace/avulso/concrete/login-api/server/routes/tests/schemas/phone.js": {"path":"/home/gustavo/workspace/avulso/concrete/login-api/server/routes/tests/schemas/phone.js","statementMap":{"0":{"start":{"line":1,"column":16},"end":{"line":1,"column":39}},"1":{"start":{"line":3,"column":14},"end":{"line":6,"column":2}},"2":{"start":{"line":8,"column":15},"end":{"line":8,"column":39}},"3":{"start":{"line":10,"column":0},"end":{"line":10,"column":23}}},"fnMap":{},"branchMap":{},"s":{"0":7,"1":7,"2":7,"3":7},"f":{},"b":{},"_coverageSchema":"43e27e138ebf9cfc5966b082cf9a028302ed4184","hash":"82b902689cc67872aab5f7ebbc084d0ff3069127"}
,"/home/gustavo/workspace/avulso/concrete/login-api/server/routes/tests/schemas/user.js": {"path":"/home/gustavo/workspace/avulso/concrete/login-api/server/routes/tests/schemas/user.js","statementMap":{"0":{"start":{"line":1,"column":45},"end":{"line":1,"column":68}},"1":{"start":{"line":2,"column":15},"end":{"line":2,"column":33}},"2":{"start":{"line":4,"column":28},"end":{"line":11,"column":2}},"3":{"start":{"line":13,"column":29},"end":{"line":27,"column":2}},"4":{"start":{"line":29,"column":34},"end":{"line":32,"column":2}},"5":{"start":{"line":34,"column":0},"end":{"line":38,"column":1}}},"fnMap":{},"branchMap":{},"s":{"0":5,"1":5,"2":5,"3":5,"4":5,"5":5},"f":{},"b":{},"_coverageSchema":"43e27e138ebf9cfc5966b082cf9a028302ed4184","hash":"01d0a23a3dae621331607ff7a40b4e9e567b4d07"}
,"/home/gustavo/workspace/avulso/concrete/login-api/server/schemas/phone.js": {"path":"/home/gustavo/workspace/avulso/concrete/login-api/server/schemas/phone.js","statementMap":{"0":{"start":{"line":1,"column":16},"end":{"line":1,"column":39}},"1":{"start":{"line":3,"column":19},"end":{"line":6,"column":2}},"2":{"start":{"line":8,"column":20},"end":{"line":8,"column":49}},"3":{"start":{"line":10,"column":0},"end":{"line":10,"column":28}}},"fnMap":{},"branchMap":{},"s":{"0":6,"1":6,"2":6,"3":6},"f":{},"b":{},"_coverageSchema":"43e27e138ebf9cfc5966b082cf9a028302ed4184","hash":"ae56b651d7086d12ea2327a292e5ef161efea623"}
,"/home/gustavo/workspace/avulso/concrete/login-api/server/schemas/user.js": {"path":"/home/gustavo/workspace/avulso/concrete/login-api/server/schemas/user.js","statementMap":{"0":{"start":{"line":1,"column":45},"end":{"line":1,"column":68}},"1":{"start":{"line":3,"column":17},"end":{"line":8,"column":2}},"2":{"start":{"line":10,"column":18},"end":{"line":17,"column":2}},"3":{"start":{"line":19,"column":15},"end":{"line":22,"column":2}},"4":{"start":{"line":24,"column":0},"end":{"line":28,"column":1}}},"fnMap":{},"branchMap":{},"s":{"0":6,"1":6,"2":6,"3":6,"4":6},"f":{},"b":{},"_coverageSchema":"43e27e138ebf9cfc5966b082cf9a028302ed4184","hash":"23ad9aaf400954a1d6063a8bd2ea1f6c59b77732"}
,"/home/gustavo/workspace/avulso/concrete/login-api/server/utils/CustomError.js": {"path":"/home/gustavo/workspace/avulso/concrete/login-api/server/utils/CustomError.js","statementMap":{"0":{"start":{"line":3,"column":4},"end":{"line":3,"column":25}},"1":{"start":{"line":4,"column":4},"end":{"line":4,"column":18}},"2":{"start":{"line":8,"column":0},"end":{"line":8,"column":28}}},"fnMap":{"0":{"name":"(anonymous_0)","decl":{"start":{"line":2,"column":2},"end":{"line":2,"column":3}},"loc":{"start":{"line":2,"column":19},"end":{"line":5,"column":3}},"line":2}},"branchMap":{},"s":{"0":4,"1":4,"2":11},"f":{"0":4},"b":{},"_coverageSchema":"43e27e138ebf9cfc5966b082cf9a028302ed4184","hash":"2923916c539190e4d769a064fb73a35b93421dbd"}
,"/home/gustavo/workspace/avulso/concrete/login-api/server/utils/constants.js": {"path":"/home/gustavo/workspace/avulso/concrete/login-api/server/utils/constants.js","statementMap":{"0":{"start":{"line":1,"column":0},"end":{"line":8,"column":1}}},"fnMap":{},"branchMap":{},"s":{"0":10},"f":{},"b":{},"_coverageSchema":"43e27e138ebf9cfc5966b082cf9a028302ed4184","hash":"11b0d033bb3fe272169298c6f4c2be8e0cf29199"}
,"/home/gustavo/workspace/avulso/concrete/login-api/server/utils/errors.js": {"path":"/home/gustavo/workspace/avulso/concrete/login-api/server/utils/errors.js","statementMap":{"0":{"start":{"line":1,"column":19},"end":{"line":1,"column":47}},"1":{"start":{"line":2,"column":20},"end":{"line":2,"column":44}},"2":{"start":{"line":4,"column":16},"end":{"line":6,"column":1}},"3":{"start":{"line":5,"column":2},"end":{"line":5,"column":63}},"4":{"start":{"line":8,"column":28},"end":{"line":10,"column":1}},"5":{"start":{"line":9,"column":2},"end":{"line":9,"column":64}},"6":{"start":{"line":12,"column":19},"end":{"line":14,"column":1}},"7":{"start":{"line":13,"column":2},"end":{"line":13,"column":60}},"8":{"start":{"line":16,"column":21},"end":{"line":18,"column":1}},"9":{"start":{"line":17,"column":2},"end":{"line":17,"column":61}},"10":{"start":{"line":20,"column":22},"end":{"line":24,"column":1}},"11":{"start":{"line":21,"column":2},"end":{"line":21,"column":25}},"12":{"start":{"line":22,"column":2},"end":{"line":22,"column":22}},"13":{"start":{"line":23,"column":2},"end":{"line":23,"column":16}},"14":{"start":{"line":26,"column":20},"end":{"line":31,"column":1}},"15":{"start":{"line":27,"column":2},"end":{"line":27,"column":18}},"16":{"start":{"line":28,"column":2},"end":{"line":28,"column":25}},"17":{"start":{"line":29,"column":2},"end":{"line":29,"column":65}},"18":{"start":{"line":30,"column":2},"end":{"line":30,"column":12}},"19":{"start":{"line":33,"column":0},"end":{"line":38,"column":1}}},"fnMap":{"0":{"name":"(anonymous_0)","decl":{"start":{"line":4,"column":16},"end":{"line":4,"column":17}},"loc":{"start":{"line":4,"column":30},"end":{"line":6,"column":1}},"line":4},"1":{"name":"(anonymous_1)","decl":{"start":{"line":8,"column":28},"end":{"line":8,"column":29}},"loc":{"start":{"line":8,"column":42},"end":{"line":10,"column":1}},"line":8},"2":{"name":"(anonymous_2)","decl":{"start":{"line":12,"column":19},"end":{"line":12,"column":20}},"loc":{"start":{"line":12,"column":37},"end":{"line":14,"column":1}},"line":12},"3":{"name":"(anonymous_3)","decl":{"start":{"line":16,"column":21},"end":{"line":16,"column":22}},"loc":{"start":{"line":16,"column":39},"end":{"line":18,"column":1}},"line":16},"4":{"name":"(anonymous_4)","decl":{"start":{"line":20,"column":22},"end":{"line":20,"column":23}},"loc":{"start":{"line":20,"column":52},"end":{"line":24,"column":1}},"line":20},"5":{"name":"(anonymous_5)","decl":{"start":{"line":26,"column":20},"end":{"line":26,"column":21}},"loc":{"start":{"line":26,"column":46},"end":{"line":31,"column":1}},"line":26}},"branchMap":{"0":{"loc":{"start":{"line":29,"column":15},"end":{"line":29,"column":65}},"type":"cond-expr","locations":[{"start":{"line":29,"column":44},"end":{"line":29,"column":51}},{"start":{"line":29,"column":54},"end":{"line":29,"column":65}}],"line":29}},"s":{"0":11,"1":11,"2":11,"3":5,"4":11,"5":0,"6":11,"7":1,"8":11,"9":2,"10":11,"11":3,"12":3,"13":3,"14":11,"15":5,"16":5,"17":5,"18":5,"19":11},"f":{"0":5,"1":0,"2":1,"3":2,"4":3,"5":5},"b":{"0":[4,1]},"_coverageSchema":"43e27e138ebf9cfc5966b082cf9a028302ed4184","hash":"b275c53d2dc220f9c0a20e91b6cca8fe74e36fb8"}
,"/home/gustavo/workspace/avulso/concrete/login-api/server/utils/formatDate.js": {"path":"/home/gustavo/workspace/avulso/concrete/login-api/server/utils/formatDate.js","statementMap":{"0":{"start":{"line":1,"column":27},"end":{"line":1,"column":49}},"1":{"start":{"line":3,"column":0},"end":{"line":8,"column":1}},"2":{"start":{"line":4,"column":21},"end":{"line":4,"column":62}},"3":{"start":{"line":6,"column":2},"end":{"line":7,"column":66}}},"fnMap":{"0":{"name":"(anonymous_0)","decl":{"start":{"line":3,"column":17},"end":{"line":3,"column":18}},"loc":{"start":{"line":3,"column":27},"end":{"line":8,"column":1}},"line":3}},"branchMap":{},"s":{"0":10,"1":10,"2":27,"3":27},"f":{"0":27},"b":{},"_coverageSchema":"43e27e138ebf9cfc5966b082cf9a028302ed4184","hash":"942e68ded8593a636b06d208fbd9ddcbfd1631a0"}
,"/home/gustavo/workspace/avulso/concrete/login-api/server/utils/hashFuncs.js": {"path":"/home/gustavo/workspace/avulso/concrete/login-api/server/utils/hashFuncs.js","statementMap":{"0":{"start":{"line":1,"column":15},"end":{"line":1,"column":34}},"1":{"start":{"line":3,"column":0},"end":{"line":11,"column":1}},"2":{"start":{"line":5,"column":17},"end":{"line":5,"column":37}},"3":{"start":{"line":6,"column":17},"end":{"line":6,"column":43}},"4":{"start":{"line":8,"column":4},"end":{"line":8,"column":15}},"5":{"start":{"line":10,"column":26},"end":{"line":10,"column":55}}},"fnMap":{"0":{"name":"(anonymous_0)","decl":{"start":{"line":4,"column":12},"end":{"line":4,"column":13}},"loc":{"start":{"line":4,"column":19},"end":{"line":9,"column":3}},"line":4},"1":{"name":"(anonymous_1)","decl":{"start":{"line":10,"column":11},"end":{"line":10,"column":12}},"loc":{"start":{"line":10,"column":26},"end":{"line":10,"column":55}},"line":10}},"branchMap":{},"s":{"0":10,"1":10,"2":6,"3":6,"4":6,"5":6},"f":{"0":6,"1":6},"b":{},"_coverageSchema":"43e27e138ebf9cfc5966b082cf9a028302ed4184","hash":"dfaa868ea44959026a2f5f5907a366122e97f89b"}
,"/home/gustavo/workspace/avulso/concrete/login-api/server/utils/index.js": {"path":"/home/gustavo/workspace/avulso/concrete/login-api/server/utils/index.js","statementMap":{"0":{"start":{"line":1,"column":13},"end":{"line":1,"column":31}},"1":{"start":{"line":2,"column":21},"end":{"line":2,"column":45}},"2":{"start":{"line":3,"column":17},"end":{"line":3,"column":39}},"3":{"start":{"line":4,"column":12},"end":{"line":4,"column":32}},"4":{"start":{"line":5,"column":13},"end":{"line":5,"column":35}},"5":{"start":{"line":6,"column":16},"end":{"line":6,"column":43}},"6":{"start":{"line":7,"column":15},"end":{"line":7,"column":34}},"7":{"start":{"line":8,"column":19},"end":{"line":8,"column":42}},"8":{"start":{"line":9,"column":20},"end":{"line":9,"column":44}},"9":{"start":{"line":11,"column":0},"end":{"line":21,"column":1}}},"fnMap":{},"branchMap":{},"s":{"0":10,"1":10,"2":10,"3":10,"4":10,"5":10,"6":10,"7":10,"8":10,"9":10},"f":{},"b":{},"_coverageSchema":"43e27e138ebf9cfc5966b082cf9a028302ed4184","hash":"9a4eb31f6d3b469221a0137668f739d6fecee735"}
,"/home/gustavo/workspace/avulso/concrete/login-api/server/utils/jwtGenerate.js": {"path":"/home/gustavo/workspace/avulso/concrete/login-api/server/utils/jwtGenerate.js","statementMap":{"0":{"start":{"line":1,"column":13},"end":{"line":1,"column":36}},"1":{"start":{"line":2,"column":19},"end":{"line":2,"column":36}},"2":{"start":{"line":4,"column":17},"end":{"line":10,"column":1}},"3":{"start":{"line":5,"column":2},"end":{"line":9,"column":3}},"4":{"start":{"line":12,"column":0},"end":{"line":12,"column":25}}},"fnMap":{"0":{"name":"(anonymous_0)","decl":{"start":{"line":4,"column":17},"end":{"line":4,"column":18}},"loc":{"start":{"line":4,"column":30},"end":{"line":10,"column":1}},"line":4}},"branchMap":{},"s":{"0":10,"1":10,"2":10,"3":5,"4":10},"f":{"0":5},"b":{},"_coverageSchema":"43e27e138ebf9cfc5966b082cf9a028302ed4184","hash":"76ff049c0b09c4cda7bc9962c091ad0a7b01a965"}
,"/home/gustavo/workspace/avulso/concrete/login-api/server/utils/staticMessages.js": {"path":"/home/gustavo/workspace/avulso/concrete/login-api/server/utils/staticMessages.js","statementMap":{"0":{"start":{"line":1,"column":0},"end":{"line":6,"column":1}}},"fnMap":{},"branchMap":{},"s":{"0":11},"f":{},"b":{},"_coverageSchema":"43e27e138ebf9cfc5966b082cf9a028302ed4184","hash":"2371a1d2a6677a53f3f156f83435256bc6959d40"}
,"/home/gustavo/workspace/avulso/concrete/login-api/server/validators/phone.js": {"path":"/home/gustavo/workspace/avulso/concrete/login-api/server/validators/phone.js","statementMap":{"0":{"start":{"line":1,"column":37},"end":{"line":1,"column":60}},"1":{"start":{"line":2,"column":15},"end":{"line":2,"column":46}},"2":{"start":{"line":4,"column":15},"end":{"line":19,"column":1}},"3":{"start":{"line":5,"column":2},"end":{"line":18,"column":3}},"4":{"start":{"line":6,"column":20},"end":{"line":6,"column":43}},"5":{"start":{"line":8,"column":29},"end":{"line":8,"column":58}},"6":{"start":{"line":10,"column":4},"end":{"line":15,"column":5}},"7":{"start":{"line":11,"column":6},"end":{"line":11,"column":38}},"8":{"start":{"line":12,"column":6},"end":{"line":12,"column":30}},"9":{"start":{"line":14,"column":6},"end":{"line":14,"column":42}},"10":{"start":{"line":17,"column":4},"end":{"line":17,"column":35}},"11":{"start":{"line":21,"column":0},"end":{"line":23,"column":1}}},"fnMap":{"0":{"name":"(anonymous_0)","decl":{"start":{"line":4,"column":15},"end":{"line":4,"column":16}},"loc":{"start":{"line":4,"column":36},"end":{"line":19,"column":1}},"line":4}},"branchMap":{"0":{"loc":{"start":{"line":10,"column":4},"end":{"line":15,"column":5}},"type":"if","locations":[{"start":{"line":10,"column":4},"end":{"line":15,"column":5}},{"start":{"line":10,"column":4},"end":{"line":15,"column":5}}],"line":10},"1":{"loc":{"start":{"line":11,"column":27},"end":{"line":11,"column":38}},"type":"binary-expr","locations":[{"start":{"line":11,"column":27},"end":{"line":11,"column":32}},{"start":{"line":11,"column":36},"end":{"line":11,"column":38}}],"line":11}},"s":{"0":6,"1":6,"2":6,"3":4,"4":4,"5":4,"6":4,"7":3,"8":3,"9":1,"10":1,"11":6},"f":{"0":4},"b":{"0":[3,1],"1":[3,0]},"_coverageSchema":"43e27e138ebf9cfc5966b082cf9a028302ed4184","hash":"dd2d7062a2837d863bb64deec3db529fdde7bae4"}
,"/home/gustavo/workspace/avulso/concrete/login-api/server/validators/user.js": {"path":"/home/gustavo/workspace/avulso/concrete/login-api/server/validators/user.js","statementMap":{"0":{"start":{"line":1,"column":49},"end":{"line":1,"column":72}},"1":{"start":{"line":2,"column":15},"end":{"line":2,"column":45}},"2":{"start":{"line":4,"column":15},"end":{"line":31,"column":1}},"3":{"start":{"line":5,"column":2},"end":{"line":30,"column":3}},"4":{"start":{"line":6,"column":35},"end":{"line":6,"column":51}},"5":{"start":{"line":8,"column":27},"end":{"line":8,"column":65}},"6":{"start":{"line":10,"column":4},"end":{"line":27,"column":5}},"7":{"start":{"line":11,"column":6},"end":{"line":11,"column":25}},"8":{"start":{"line":12,"column":6},"end":{"line":12,"column":52}},"9":{"start":{"line":13,"column":6},"end":{"line":13,"column":34}},"10":{"start":{"line":15,"column":36},"end":{"line":15,"column":73}},"11":{"start":{"line":17,"column":6},"end":{"line":24,"column":7}},"12":{"start":{"line":18,"column":8},"end":{"line":18,"column":24}},"13":{"start":{"line":19,"column":8},"end":{"line":19,"column":40}},"14":{"start":{"line":21,"column":8},"end":{"line":21,"column":40}},"15":{"start":{"line":23,"column":8},"end":{"line":23,"column":44}},"16":{"start":{"line":26,"column":6},"end":{"line":26,"column":42}},"17":{"start":{"line":29,"column":4},"end":{"line":29,"column":35}},"18":{"start":{"line":33,"column":15},"end":{"line":47,"column":1}},"19":{"start":{"line":34,"column":18},"end":{"line":34,"column":34}},"20":{"start":{"line":35,"column":27},"end":{"line":35,"column":63}},"21":{"start":{"line":37,"column":2},"end":{"line":46,"column":3}},"22":{"start":{"line":38,"column":4},"end":{"line":43,"column":5}},"23":{"start":{"line":39,"column":6},"end":{"line":39,"column":25}},"24":{"start":{"line":40,"column":6},"end":{"line":40,"column":30}},"25":{"start":{"line":42,"column":6},"end":{"line":42,"column":42}},"26":{"start":{"line":45,"column":4},"end":{"line":45,"column":35}},"27":{"start":{"line":49,"column":0},"end":{"line":52,"column":1}}},"fnMap":{"0":{"name":"(anonymous_0)","decl":{"start":{"line":4,"column":15},"end":{"line":4,"column":16}},"loc":{"start":{"line":4,"column":36},"end":{"line":31,"column":1}},"line":4},"1":{"name":"(anonymous_1)","decl":{"start":{"line":33,"column":15},"end":{"line":33,"column":16}},"loc":{"start":{"line":33,"column":36},"end":{"line":47,"column":1}},"line":33}},"branchMap":{"0":{"loc":{"start":{"line":10,"column":4},"end":{"line":27,"column":5}},"type":"if","locations":[{"start":{"line":10,"column":4},"end":{"line":27,"column":5}},{"start":{"line":10,"column":4},"end":{"line":27,"column":5}}],"line":10},"1":{"loc":{"start":{"line":17,"column":6},"end":{"line":24,"column":7}},"type":"if","locations":[{"start":{"line":17,"column":6},"end":{"line":24,"column":7}},{"start":{"line":17,"column":6},"end":{"line":24,"column":7}}],"line":17},"2":{"loc":{"start":{"line":38,"column":4},"end":{"line":43,"column":5}},"type":"if","locations":[{"start":{"line":38,"column":4},"end":{"line":43,"column":5}},{"start":{"line":38,"column":4},"end":{"line":43,"column":5}}],"line":38}},"s":{"0":6,"1":6,"2":6,"3":5,"4":5,"5":5,"6":5,"7":3,"8":3,"9":3,"10":3,"11":3,"12":3,"13":3,"14":3,"15":0,"16":2,"17":2,"18":6,"19":3,"20":3,"21":3,"22":3,"23":2,"24":2,"25":1,"26":1,"27":6},"f":{"0":5,"1":3},"b":{"0":[3,2],"1":[3,0],"2":[2,1]},"_coverageSchema":"43e27e138ebf9cfc5966b082cf9a028302ed4184","hash":"fc349a4794c6ff746432f8d3f6c2a3ce982870ae"}
}
