TN:
SF:/home/gustavo/workspace/avulso/concrete/login-api/app.js
FNF:0
FNH:0
DA:1,5
DA:3,5
DA:4,5
DA:6,5
DA:8,5
DA:9,5
DA:11,5
LF:7
LH:7
BRF:0
BRH:0
end_of_record
TN:
SF:/home/gustavo/workspace/avulso/concrete/login-api/config/database.js
FNF:0
FNH:0
DA:1,5
LF:1
LH:1
BRF:0
BRH:0
end_of_record
TN:
SF:/home/gustavo/workspace/avulso/concrete/login-api/config/index.js
FNF:0
FNH:0
DA:1,11
DA:3,11
LF:2
LH:2
BRDA:1,0,0,11
BRDA:1,0,1,11
BRF:2
BRH:2
end_of_record
TN:
SF:/home/gustavo/workspace/avulso/concrete/login-api/db/models/index.js
FN:15,(anonymous_0)
FN:18,(anonymous_1)
FN:23,(anonymous_2)
FNF:3
FNH:3
FNDA:15,(anonymous_0)
FNDA:10,(anonymous_1)
FNDA:10,(anonymous_2)
DA:3,5
DA:4,5
DA:5,5
DA:6,5
DA:7,5
DA:8,5
DA:9,5
DA:11,5
DA:13,5
DA:16,15
DA:19,10
DA:20,10
DA:23,5
DA:24,10
DA:25,10
DA:29,5
DA:30,5
DA:32,5
LF:18
LH:18
BRDA:16,0,0,15
BRDA:16,0,1,15
BRDA:16,0,2,10
BRDA:24,1,0,10
BRDA:24,1,1,0
BRF:5
BRH:4
end_of_record
TN:
SF:/home/gustavo/workspace/avulso/concrete/login-api/db/models/phone.js
FN:2,(anonymous_0)
FN:44,(anonymous_1)
FNF:2
FNH:2
FNDA:5,(anonymous_0)
FNDA:5,(anonymous_1)
DA:2,5
DA:3,5
DA:44,5
DA:45,5
DA:49,5
LF:5
LH:5
BRF:0
BRH:0
end_of_record
TN:
SF:/home/gustavo/workspace/avulso/concrete/login-api/db/models/user.js
FN:2,(anonymous_0)
FN:56,(anonymous_1)
FNF:2
FNH:2
FNDA:5,(anonymous_0)
FNDA:5,(anonymous_1)
DA:2,5
DA:3,5
DA:56,5
DA:57,5
DA:62,5
LF:5
LH:5
BRF:0
BRH:0
end_of_record
TN:
SF:/home/gustavo/workspace/avulso/concrete/login-api/server/controllers/phone.js
FN:3,(anonymous_0)
FN:4,(anonymous_1)
FN:6,(anonymous_2)
FNF:3
FNH:3
FNDA:7,(anonymous_0)
FNDA:3,(anonymous_1)
FNDA:6,(anonymous_2)
DA:1,6
DA:3,6
DA:4,7
DA:5,3
DA:6,3
DA:7,6
DA:9,6
DA:11,6
DA:13,3
DA:15,3
DA:16,3
DA:18,0
DA:23,6
LF:13
LH:12
BRF:0
BRH:0
end_of_record
TN:
SF:/home/gustavo/workspace/avulso/concrete/login-api/server/controllers/user.js
FN:3,(anonymous_0)
FN:4,(anonymous_1)
FN:25,(anonymous_2)
FN:26,(anonymous_3)
FN:50,(anonymous_4)
FN:51,(anonymous_5)
FN:74,(anonymous_6)
FN:93,(anonymous_7)
FNF:8
FNH:8
FNDA:7,(anonymous_0)
FNDA:4,(anonymous_1)
FNDA:7,(anonymous_2)
FNDA:3,(anonymous_3)
FNDA:7,(anonymous_4)
FNDA:4,(anonymous_5)
FNDA:9,(anonymous_6)
FNDA:9,(anonymous_7)
DA:1,6
DA:3,6
DA:4,7
DA:5,4
DA:6,4
DA:7,4
DA:9,4
DA:10,3
DA:11,3
DA:13,3
DA:15,3
DA:17,1
DA:20,0
DA:25,6
DA:26,7
DA:27,3
DA:28,3
DA:30,3
DA:31,0
DA:32,3
DA:33,3
DA:35,3
DA:37,3
DA:39,3
DA:40,3
DA:42,0
DA:45,0
DA:50,6
DA:51,7
DA:52,4
DA:53,4
DA:55,4
DA:56,3
DA:57,3
DA:58,3
DA:60,3
DA:61,3
DA:63,0
DA:66,1
DA:69,0
DA:74,6
DA:75,9
DA:83,9
DA:84,9
DA:85,9
DA:86,9
DA:87,9
DA:88,9
DA:90,9
DA:93,6
DA:94,9
DA:95,9
DA:96,9
DA:99,6
LF:54
LH:48
BRDA:9,0,0,3
BRDA:9,0,1,1
BRDA:30,1,0,0
BRDA:30,1,1,3
BRDA:32,2,0,3
BRDA:32,2,1,0
BRDA:32,3,0,3
BRDA:32,3,1,3
BRDA:55,4,0,3
BRDA:55,4,1,1
BRDA:55,5,0,4
BRDA:55,5,1,3
BRDA:57,6,0,3
BRDA:57,6,1,0
BRDA:86,7,0,6
BRDA:86,7,1,3
BRDA:87,8,0,6
BRDA:87,8,1,3
BRDA:88,9,0,3
BRDA:88,9,1,6
BRF:20
BRH:17
end_of_record
TN:
SF:/home/gustavo/workspace/avulso/concrete/login-api/server/middlewares/checkSetContentType.js
FN:1,(anonymous_0)
FNF:1
FNH:1
FNDA:8,(anonymous_0)
DA:1,5
DA:2,8
DA:4,8
DA:5,0
DA:7,8
DA:11,5
LF:6
LH:5
BRDA:4,0,0,0
BRDA:4,0,1,8
BRDA:4,1,0,8
BRDA:4,1,1,4
BRF:4
BRH:3
end_of_record
TN:
SF:/home/gustavo/workspace/avulso/concrete/login-api/server/middlewares/getCoordinate.js
FN:5,(anonymous_0)
FNF:1
FNH:1
FNDA:4,(anonymous_0)
DA:1,6
DA:2,6
DA:3,6
DA:5,6
DA:6,4
DA:7,4
DA:9,4
DA:10,1
DA:13,3
DA:14,3
DA:16,3
DA:18,1
DA:22,6
LF:13
LH:13
BRDA:9,0,0,1
BRDA:9,0,1,3
BRDA:9,1,0,4
BRDA:9,1,1,4
BRF:4
BRH:4
end_of_record
TN:
SF:/home/gustavo/workspace/avulso/concrete/login-api/server/middlewares/jwtAuth.js
FN:9,(anonymous_0)
FNF:1
FNH:1
FNDA:4,(anonymous_0)
DA:1,6
DA:3,6
DA:4,6
DA:5,6
DA:7,6
DA:9,6
DA:10,4
DA:11,4
DA:12,4
DA:14,3
DA:16,1
DA:20,6
LF:12
LH:12
BRF:0
BRH:0
end_of_record
TN:
SF:/home/gustavo/workspace/avulso/concrete/login-api/server/middlewares/main.js
FN:5,(anonymous_0)
FN:6,(anonymous_1)
FNF:2
FNH:2
FNDA:5,(anonymous_0)
FNDA:8,(anonymous_1)
DA:1,5
DA:2,5
DA:3,5
DA:5,5
DA:6,8
DA:8,5
DA:10,5
LF:7
LH:7
BRDA:10,0,0,5
BRDA:10,0,1,0
BRF:2
BRH:1
end_of_record
TN:
SF:/home/gustavo/workspace/avulso/concrete/login-api/server/repositories/phone.js
FN:3,(anonymous_0)
FNF:1
FNH:1
FNDA:2,(anonymous_0)
DA:1,5
DA:3,5
DA:4,2
DA:5,2
DA:10,2
DA:12,0
DA:16,5
LF:7
LH:6
BRF:0
BRH:0
end_of_record
TN:
SF:/home/gustavo/workspace/avulso/concrete/login-api/server/repositories/user.js
FN:5,(anonymous_0)
FN:22,(anonymous_1)
FN:43,(anonymous_2)
FNF:3
FNH:3
FNDA:2,(anonymous_0)
FNDA:1,(anonymous_1)
FNDA:3,(anonymous_2)
DA:1,5
DA:2,5
DA:3,5
DA:5,5
DA:6,2
DA:7,2
DA:16,2
DA:18,0
DA:22,5
DA:23,1
DA:24,1
DA:29,1
DA:37,1
DA:43,5
DA:44,3
DA:45,3
DA:56,3
DA:58,0
DA:62,5
LF:19
LH:17
BRF:0
BRH:0
end_of_record
TN:
SF:/home/gustavo/workspace/avulso/concrete/login-api/server/routes/index.js
FN:5,(anonymous_0)
FNF:1
FNH:1
FNDA:5,(anonymous_0)
DA:1,5
DA:2,5
DA:3,5
DA:5,5
DA:6,5
DA:7,5
DA:8,5
LF:7
LH:7
BRF:0
BRH:0
end_of_record
TN:
SF:/home/gustavo/workspace/avulso/concrete/login-api/server/routes/routeNotFound.js
FN:4,(anonymous_0)
FNF:1
FNH:1
FNDA:1,(anonymous_0)
DA:1,5
DA:2,5
DA:4,5
DA:5,1
DA:6,1
DA:9,5
LF:6
LH:6
BRF:0
BRH:0
end_of_record
TN:
SF:/home/gustavo/workspace/avulso/concrete/login-api/server/routes/statusServer.js
FN:4,(anonymous_0)
FNF:1
FNH:1
FNDA:1,(anonymous_0)
DA:1,5
DA:2,5
DA:4,5
DA:5,1
DA:6,1
DA:9,5
LF:6
LH:6
BRF:0
BRH:0
end_of_record
TN:
SF:/home/gustavo/workspace/avulso/concrete/login-api/server/routes/user.js
FNF:0
FNH:0
DA:1,5
DA:2,5
DA:3,5
DA:5,5
DA:6,5
DA:7,5
DA:8,5
DA:9,5
DA:11,5
DA:12,5
DA:14,5
DA:18,5
DA:20,5
LF:13
LH:13
BRF:0
BRH:0
end_of_record
TN:
SF:/home/gustavo/workspace/avulso/concrete/login-api/server/routes/tests/schemas/coordinate.js
FNF:0
FNH:0
DA:1,1
DA:3,1
DA:8,1
LF:3
LH:3
BRF:0
BRH:0
end_of_record
TN:
SF:/home/gustavo/workspace/avulso/concrete/login-api/server/routes/tests/schemas/phone.js
FNF:0
FNH:0
DA:1,7
DA:3,7
DA:8,7
DA:10,7
LF:4
LH:4
BRF:0
BRH:0
end_of_record
TN:
SF:/home/gustavo/workspace/avulso/concrete/login-api/server/routes/tests/schemas/user.js
FNF:0
FNH:0
DA:1,5
DA:2,5
DA:4,5
DA:13,5
DA:29,5
DA:34,5
LF:6
LH:6
BRF:0
BRH:0
end_of_record
TN:
SF:/home/gustavo/workspace/avulso/concrete/login-api/server/schemas/phone.js
FNF:0
FNH:0
DA:1,6
DA:3,6
DA:8,6
DA:10,6
LF:4
LH:4
BRF:0
BRH:0
end_of_record
TN:
SF:/home/gustavo/workspace/avulso/concrete/login-api/server/schemas/user.js
FNF:0
FNH:0
DA:1,6
DA:3,6
DA:10,6
DA:19,6
DA:24,6
LF:5
LH:5
BRF:0
BRH:0
end_of_record
TN:
SF:/home/gustavo/workspace/avulso/concrete/login-api/server/utils/CustomError.js
FN:2,(anonymous_0)
FNF:1
FNH:1
FNDA:4,(anonymous_0)
DA:3,4
DA:4,4
DA:8,11
LF:3
LH:3
BRF:0
BRH:0
end_of_record
TN:
SF:/home/gustavo/workspace/avulso/concrete/login-api/server/utils/constants.js
FNF:0
FNH:0
DA:1,10
LF:1
LH:1
BRF:0
BRH:0
end_of_record
TN:
SF:/home/gustavo/workspace/avulso/concrete/login-api/server/utils/errors.js
FN:4,(anonymous_0)
FN:8,(anonymous_1)
FN:12,(anonymous_2)
FN:16,(anonymous_3)
FN:20,(anonymous_4)
FN:26,(anonymous_5)
FNF:6
FNH:5
FNDA:5,(anonymous_0)
FNDA:0,(anonymous_1)
FNDA:1,(anonymous_2)
FNDA:2,(anonymous_3)
FNDA:3,(anonymous_4)
FNDA:5,(anonymous_5)
DA:1,11
DA:2,11
DA:4,11
DA:5,5
DA:8,11
DA:9,0
DA:12,11
DA:13,1
DA:16,11
DA:17,2
DA:20,11
DA:21,3
DA:22,3
DA:23,3
DA:26,11
DA:27,5
DA:28,5
DA:29,5
DA:30,5
DA:33,11
LF:20
LH:19
BRDA:29,0,0,4
BRDA:29,0,1,1
BRF:2
BRH:2
end_of_record
TN:
SF:/home/gustavo/workspace/avulso/concrete/login-api/server/utils/formatDate.js
FN:3,(anonymous_0)
FNF:1
FNH:1
FNDA:27,(anonymous_0)
DA:1,10
DA:3,10
DA:4,27
DA:6,27
LF:4
LH:4
BRF:0
BRH:0
end_of_record
TN:
SF:/home/gustavo/workspace/avulso/concrete/login-api/server/utils/hashFuncs.js
FN:4,(anonymous_0)
FN:10,(anonymous_1)
FNF:2
FNH:2
FNDA:6,(anonymous_0)
FNDA:6,(anonymous_1)
DA:1,10
DA:3,10
DA:5,6
DA:6,6
DA:8,6
DA:10,6
LF:6
LH:6
BRF:0
BRH:0
end_of_record
TN:
SF:/home/gustavo/workspace/avulso/concrete/login-api/server/utils/index.js
FNF:0
FNH:0
DA:1,10
DA:2,10
DA:3,10
DA:4,10
DA:5,10
DA:6,10
DA:7,10
DA:8,10
DA:9,10
DA:11,10
LF:10
LH:10
BRF:0
BRH:0
end_of_record
TN:
SF:/home/gustavo/workspace/avulso/concrete/login-api/server/utils/jwtGenerate.js
FN:4,(anonymous_0)
FNF:1
FNH:1
FNDA:5,(anonymous_0)
DA:1,10
DA:2,10
DA:4,10
DA:5,5
DA:12,10
LF:5
LH:5
BRF:0
BRH:0
end_of_record
TN:
SF:/home/gustavo/workspace/avulso/concrete/login-api/server/utils/staticMessages.js
FNF:0
FNH:0
DA:1,11
LF:1
LH:1
BRF:0
BRH:0
end_of_record
TN:
SF:/home/gustavo/workspace/avulso/concrete/login-api/server/validators/phone.js
FN:4,(anonymous_0)
FNF:1
FNH:1
FNDA:4,(anonymous_0)
DA:1,6
DA:2,6
DA:4,6
DA:5,4
DA:6,4
DA:8,4
DA:10,4
DA:11,3
DA:12,3
DA:14,1
DA:17,1
DA:21,6
LF:12
LH:12
BRDA:10,0,0,3
BRDA:10,0,1,1
BRDA:11,1,0,3
BRDA:11,1,1,0
BRF:4
BRH:3
end_of_record
TN:
SF:/home/gustavo/workspace/avulso/concrete/login-api/server/validators/user.js
FN:4,(anonymous_0)
FN:33,(anonymous_1)
FNF:2
FNH:2
FNDA:5,(anonymous_0)
FNDA:3,(anonymous_1)
DA:1,6
DA:2,6
DA:4,6
DA:5,5
DA:6,5
DA:8,5
DA:10,5
DA:11,3
DA:12,3
DA:13,3
DA:15,3
DA:17,3
DA:18,3
DA:19,3
DA:21,3
DA:23,0
DA:26,2
DA:29,2
DA:33,6
DA:34,3
DA:35,3
DA:37,3
DA:38,3
DA:39,2
DA:40,2
DA:42,1
DA:45,1
DA:49,6
LF:28
LH:27
BRDA:10,0,0,3
BRDA:10,0,1,2
BRDA:17,1,0,3
BRDA:17,1,1,0
BRDA:38,2,0,2
BRDA:38,2,1,1
BRF:6
BRH:5
end_of_record
